[    0.000000] Initializing cgroup subsys cpuset
[    0.000000] Initializing cgroup subsys cpu
[    0.000000] Initializing cgroup subsys cpuacct
[    0.000000] Linux version 4.4.0-197-generic (buildd@lcy01-amd64-026) (gcc version 5.4.0 20160609 (Ubuntu 5.4.0-6ubuntu1~16.04.12) ) #229-Ubuntu SMP Wed Nov 25 11:05:42 UTC 2020 (Ubuntu 4.4.0-197.229-generic 4.4.241)
[    0.000000] Command line: BOOT_IMAGE=/boot/vmlinuz-4.4.0-197-generic root=UUID=0d5a0849-acbb-43f7-920f-49d6963d989e ro console=tty1 console=ttyS0
[    0.000000] KERNEL supported cpus:
[    0.000000]   Intel GenuineIntel
[    0.000000]   AMD AuthenticAMD
[    0.000000]   Centaur CentaurHauls
[    0.000000] [Firmware Bug]: TSC doesn't count with P0 frequency!
[    0.000000] x86/fpu: xstate_offset[2]:  576, xstate_sizes[2]:  256
[    0.000000] x86/fpu: Supporting XSAVE feature 0x01: 'x87 floating point registers'
[    0.000000] x86/fpu: Supporting XSAVE feature 0x02: 'SSE registers'
[    0.000000] x86/fpu: Supporting XSAVE feature 0x04: 'AVX registers'
[    0.000000] x86/fpu: Enabled xstate features 0x7, context size is 832 bytes, using 'standard' format.
[    0.000000] e820: BIOS-provided physical RAM map:
[    0.000000] BIOS-e820: [mem 0x0000000000000000-0x000000000009fbff] usable
[    0.000000] BIOS-e820: [mem 0x000000000009fc00-0x000000000009ffff] reserved
[    0.000000] BIOS-e820: [mem 0x00000000000f0000-0x00000000000fffff] reserved
[    0.000000] BIOS-e820: [mem 0x0000000000100000-0x000000003ffeffff] usable
[    0.000000] BIOS-e820: [mem 0x000000003fff0000-0x000000003fffffff] ACPI data
[    0.000000] BIOS-e820: [mem 0x00000000fec00000-0x00000000fec00fff] reserved
[    0.000000] BIOS-e820: [mem 0x00000000fee00000-0x00000000fee00fff] reserved
[    0.000000] BIOS-e820: [mem 0x00000000fffc0000-0x00000000ffffffff] reserved
[    0.000000] NX (Execute Disable) protection: active
[    0.000000] SMBIOS 2.5 present.
[    0.000000] Hypervisor detected: KVM
[    0.000000] Kernel/User page tables isolation: disabled
[    0.000000] e820: last_pfn = 0x3fff0 max_arch_pfn = 0x400000000
[    0.000000] MTRR: Disabled
[    0.000000] x86/PAT: MTRRs disabled, skipping PAT initialization too.
[    0.000000] CPU MTRRs all blank - virtualized system.
[    0.000000] x86/PAT: Configuration [0-7]: WB  WT  UC- UC  WB  WT  UC- UC  
[    0.000000] found SMP MP-table at [mem 0x0009fff0-0x0009ffff] mapped at [ffff88000009fff0]
[    0.000000] Scanning 1 areas for low memory corruption
[    0.000000] RAMDISK: [mem 0x361c8000-0x370dbfff]
[    0.000000] ACPI: Early table checksum verification disabled
[    0.000000] ACPI: RSDP 0x00000000000E0000 000024 (v02 VBOX  )
[    0.000000] ACPI: XSDT 0x000000003FFF0030 00003C (v01 VBOX   VBOXXSDT 00000001 ASL  00000061)
[    0.000000] ACPI: FACP 0x000000003FFF00F0 0000F4 (v04 VBOX   VBOXFACP 00000001 ASL  00000061)
[    0.000000] ACPI: DSDT 0x000000003FFF0470 002325 (v02 VBOX   VBOXBIOS 00000002 INTL 20190509)
[    0.000000] ACPI: FACS 0x000000003FFF0200 000040
[    0.000000] ACPI: FACS 0x000000003FFF0200 000040
[    0.000000] ACPI: APIC 0x000000003FFF0240 00005C (v02 VBOX   VBOXAPIC 00000001 ASL  00000061)
[    0.000000] ACPI: SSDT 0x000000003FFF02A0 0001CC (v01 VBOX   VBOXCPUT 00000002 INTL 20190509)
[    0.000000] No NUMA configuration found
[    0.000000] Faking a node at [mem 0x0000000000000000-0x000000003ffeffff]
[    0.000000] NODE_DATA(0) allocated [mem 0x3ffeb000-0x3ffeffff]
[    0.000000] kvm-clock: Using msrs 4b564d01 and 4b564d00
[    0.000000] kvm-clock: cpu 0, msr 0:3ffe3001, primary cpu clock
[    0.000000] kvm-clock: using sched offset of 3398384045 cycles
[    0.000000] clocksource: kvm-clock: mask: 0xffffffffffffffff max_cycles: 0x1cd42e4dffb, max_idle_ns: 881590591483 ns
[    0.000000] Zone ranges:
[    0.000000]   DMA      [mem 0x0000000000001000-0x0000000000ffffff]
[    0.000000]   DMA32    [mem 0x0000000001000000-0x000000003ffeffff]
[    0.000000]   Normal   empty
[    0.000000]   Device   empty
[    0.000000] Movable zone start for each node
[    0.000000] Early memory node ranges
[    0.000000]   node   0: [mem 0x0000000000001000-0x000000000009efff]
[    0.000000]   node   0: [mem 0x0000000000100000-0x000000003ffeffff]
[    0.000000] Initmem setup node 0 [mem 0x0000000000001000-0x000000003ffeffff]
[    0.000000] ACPI: PM-Timer IO Port: 0x4008
[    0.000000] IOAPIC[0]: apic_id 2, version 32, address 0xfec00000, GSI 0-23
[    0.000000] ACPI: INT_SRC_OVR (bus 0 bus_irq 0 global_irq 2 dfl dfl)
[    0.000000] ACPI: INT_SRC_OVR (bus 0 bus_irq 9 global_irq 9 low level)
[    0.000000] Using ACPI (MADT) for SMP configuration information
[    0.000000] smpboot: Allowing 2 CPUs, 0 hotplug CPUs
[    0.000000] PM: Registered nosave memory: [mem 0x00000000-0x00000fff]
[    0.000000] PM: Registered nosave memory: [mem 0x0009f000-0x0009ffff]
[    0.000000] PM: Registered nosave memory: [mem 0x000a0000-0x000effff]
[    0.000000] PM: Registered nosave memory: [mem 0x000f0000-0x000fffff]
[    0.000000] e820: [mem 0x40000000-0xfebfffff] available for PCI devices
[    0.000000] Booting paravirtualized kernel on KVM
[    0.000000] clocksource: refined-jiffies: mask: 0xffffffff max_cycles: 0xffffffff, max_idle_ns: 7645519600211568 ns
[    0.000000] setup_percpu: NR_CPUS:512 nr_cpumask_bits:512 nr_cpu_ids:2 nr_node_ids:1
[    0.000000] PERCPU: Embedded 33 pages/cpu @ffff88003fc00000 s95512 r8192 d31464 u1048576
[    0.000000] Built 1 zonelists in Node order, mobility grouping on.  Total pages: 257912
[    0.000000] Policy zone: DMA32
[    0.000000] Kernel command line: BOOT_IMAGE=/boot/vmlinuz-4.4.0-197-generic root=UUID=0d5a0849-acbb-43f7-920f-49d6963d989e ro console=tty1 console=ttyS0
[    0.000000] PID hash table entries: 4096 (order: 3, 32768 bytes)
[    0.000000] Memory: 997096K/1048120K available (8637K kernel code, 1347K rwdata, 4032K rodata, 1492K init, 1296K bss, 51024K reserved, 0K cma-reserved)
[    0.000000] SLUB: HWalign=64, Order=0-3, MinObjects=0, CPUs=2, Nodes=1
[    0.000000] Hierarchical RCU implementation.
[    0.000000] 	Build-time adjustment of leaf fanout to 64.
[    0.000000] 	RCU restricting CPUs from NR_CPUS=512 to nr_cpu_ids=2.
[    0.000000] RCU: Adjusting geometry for rcu_fanout_leaf=64, nr_cpu_ids=2
[    0.000000] NR_IRQS:33024 nr_irqs:440 16
[    0.000000] Console: colour VGA+ 80x25
[    0.000000] console [tty1] enabled
[    0.000000] console [ttyS0] enabled
[    0.000000] tsc: Detected 3393.620 MHz processor
[    0.091899] Calibrating delay loop (skipped) preset value.. 6787.24 BogoMIPS (lpj=13574480)
[    0.092883] pid_max: default: 32768 minimum: 301
[    0.093433] ACPI: Core revision 20150930
[    0.094799] ACPI: 2 ACPI AML tables successfully acquired and loaded
[    0.095587] Security Framework initialized
[    0.096103] Yama: becoming mindful.
[    0.096565] AppArmor: AppArmor initialized
[    0.097108] Dentry cache hash table entries: 131072 (order: 8, 1048576 bytes)
[    0.097927] Inode-cache hash table entries: 65536 (order: 7, 524288 bytes)
[    0.100058] Mount-cache hash table entries: 2048 (order: 2, 16384 bytes)
[    0.101262] Mountpoint-cache hash table entries: 2048 (order: 2, 16384 bytes)
[    0.102614] Initializing cgroup subsys io
[    0.103434] Initializing cgroup subsys memory
[    0.104025] Initializing cgroup subsys devices
[    0.104554] Initializing cgroup subsys freezer
[    0.105199] Initializing cgroup subsys net_cls
[    0.105724] Initializing cgroup subsys perf_event
[    0.106197] Initializing cgroup subsys net_prio
[    0.106714] Initializing cgroup subsys hugetlb
[    0.107156] Initializing cgroup subsys pids
[    0.113284] mce: CPU supports 0 MCE banks
[    0.113958] Last level iTLB entries: 4KB 1024, 2MB 1024, 4MB 512
[    0.114660] Last level dTLB entries: 4KB 1536, 2MB 1536, 4MB 768, 1GB 0
[    0.115327] Spectre V1 : Mitigation: usercopy/swapgs barriers and __user pointer sanitization
[    0.116310] Spectre V2 : Spectre mitigation: LFENCE not serializing, switching to generic retpoline
[    0.117295] Spectre V2 : Mitigation: Full generic retpoline
[    0.118024] Spectre V2 : Spectre v2 / SpectreRSB mitigation: Filling RSB on context switch
[    0.119110] Speculative Store Bypass: Mitigation: Speculative Store Bypass disabled via prctl and seccomp
[    0.121907] Freeing SMP alternatives memory: 36K
[    0.126496] ftrace: allocating 32346 entries in 127 pages
[    0.174752] smpboot: APIC(0) Converting physical 0 to logical package 0
[    0.175562] smpboot: Max logical packages: 1
[    0.176191] x2apic enabled
[    0.176697] Switched APIC routing to physical x2apic.
[    0.177992] ..TIMER: vector=0x30 apic1=0 pin1=2 apic2=-1 pin2=-1
[    0.286634] smpboot: CPU0: AMD Ryzen 5 2600 Six-Core Processor (family: 0x17, model: 0x8, stepping: 0x2)
[    0.287853] Performance Events: Broken PMU hardware detected, using software events only.
[    0.288785] Failed to access perfctr msr (MSR c0010007 is 0)
[    0.294009] KVM setup paravirtual spinlock
[    0.295130] x86: Booting SMP configuration:
[    0.295617] .... node  #0, CPUs:      #1
[    0.296265] kvm-clock: cpu 1, msr 0:3ffe3041, secondary cpu clock
[    0.303266] mce: CPU supports 0 MCE banks
[    0.305774] x86: Booted up 1 node, 2 CPUs
[    0.306538] smpboot: Total of 2 processors activated (13574.48 BogoMIPS)
[    0.308167] devtmpfs: initialized
[    0.311457] evm: security.selinux
[    0.312224] evm: security.SMACK64
[    0.312940] evm: security.SMACK64EXEC
[    0.313647] evm: security.SMACK64TRANSMUTE
[    0.314463] evm: security.SMACK64MMAP
[    0.315239] evm: security.ima
[    0.315904] evm: security.capability
[    0.317680] clocksource: jiffies: mask: 0xffffffff max_cycles: 0xffffffff, max_idle_ns: 7645041785100000 ns
[    0.319461] futex hash table entries: 512 (order: 3, 32768 bytes)
[    0.320647] pinctrl core: initialized pinctrl subsystem
[    0.321706] RTC time:  8:44:13, date: 12/21/20
[    0.322851] NET: Registered protocol family 16
[    0.330393] cpuidle: using governor ladder
[    0.338140] cpuidle: using governor menu
[    0.339566] PCCT header not found.
[    0.341352] ACPI: bus type PCI registered
[    0.342570] acpiphp: ACPI Hot Plug PCI Controller Driver version: 0.5
[    0.344371] PCI: Using configuration type 1 for base access
[    0.345493] PCI: Using configuration type 1 for extended access
[    0.352113] ACPI: Added _OSI(Module Device)
[    0.353642] ACPI: Added _OSI(Processor Device)
[    0.355289] ACPI: Added _OSI(3.0 _SCP Extensions)
[    0.357087] ACPI: Added _OSI(Processor Aggregator Device)
[    0.358822] ACPI: Executed 1 blocks of module-level executable AML code
[    0.362031] ACPI: Interpreter enabled
[    0.362814] ACPI: (supports S0 S5)
[    0.363508] ACPI: Using IOAPIC for interrupt routing
[    0.364425] PCI: Using host bridge windows from ACPI; if necessary, use "pci=nocrs" and report a bug
[    0.369602] ACPI: PCI Root Bridge [PCI0] (domain 0000 [bus 00-ff])
[    0.370430] acpi PNP0A03:00: _OSC: OS supports [ExtendedConfig ASPM ClockPM Segments MSI]
[    0.371823] acpi PNP0A03:00: _OSC: platform does not support [PCIeCapability]
[    0.372743] acpi PNP0A03:00: _OSC: not requesting control; platform does not support [PCIeCapability]
[    0.373824] acpi PNP0A03:00: _OSC: OS requested [PCIeHotplug PME AER PCIeCapability]
[    0.374756] acpi PNP0A03:00: _OSC: platform willing to grant [PCIeHotplug PME AER]
[    0.375689] acpi PNP0A03:00: _OSC failed (AE_SUPPORT); disabling ASPM
[    0.376586] PCI host bridge to bus 0000:00
[    0.377104] pci_bus 0000:00: root bus resource [io  0x0000-0x0cf7 window]
[    0.384583] pci_bus 0000:00: root bus resource [io  0x0d00-0xffff window]
[    0.385269] pci_bus 0000:00: root bus resource [mem 0x000a0000-0x000bffff window]
[    0.386066] pci_bus 0000:00: root bus resource [mem 0x40000000-0xfdffffff window]
[    0.386845] pci_bus 0000:00: root bus resource [bus 00-ff]
[    0.388211] pci 0000:00:01.1: legacy IDE quirk: reg 0x10: [io  0x01f0-0x01f7]
[    0.388856] pci 0000:00:01.1: legacy IDE quirk: reg 0x14: [io  0x03f6]
[    0.389487] pci 0000:00:01.1: legacy IDE quirk: reg 0x18: [io  0x0170-0x0177]
[    0.390176] pci 0000:00:01.1: legacy IDE quirk: reg 0x1c: [io  0x0376]
[    0.402581] pci 0000:00:07.0: quirk: [io  0x4000-0x403f] claimed by PIIX4 ACPI
[    0.404008] pci 0000:00:07.0: quirk: [io  0x4100-0x410f] claimed by PIIX4 SMB
[    0.408586] ACPI: PCI Interrupt Link [LNKA] (IRQs 5 9 10 *11)
[    0.410089] ACPI: PCI Interrupt Link [LNKB] (IRQs 5 9 *10 11)
[    0.411467] ACPI: PCI Interrupt Link [LNKC] (IRQs 5 *9 10 11)
[    0.412760] ACPI: PCI Interrupt Link [LNKD] (IRQs 5 9 10 *11)
[    0.414133] ACPI: Enabled 2 GPEs in block 00 to 07
[    0.415375] vgaarb: setting as boot device: PCI:0000:00:02.0
[    0.416279] vgaarb: device added: PCI:0000:00:02.0,decodes=io+mem,owns=io+mem,locks=none
[    0.417203] vgaarb: loaded
[    0.417582] vgaarb: bridge control possible 0000:00:02.0
[    0.418403] SCSI subsystem initialized
[    0.418946] ACPI: bus type USB registered
[    0.419435] usbcore: registered new interface driver usbfs
[    0.420009] usbcore: registered new interface driver hub
[    0.420769] usbcore: registered new device driver usb
[    0.421586] PCI: Using ACPI for IRQ routing
[    0.422286] NetLabel: Initializing
[    0.422729] NetLabel:  domain hash size = 128
[    0.423274] NetLabel:  protocols = UNLABELED CIPSOv4
[    0.423907] NetLabel:  unlabeled traffic allowed by default
[    0.424543] amd_nb: Cannot enumerate AMD northbridges
[    0.425146] clocksource: Switched to clocksource kvm-clock
[    0.431299] AppArmor: AppArmor Filesystem Enabled
[    0.432012] pnp: PnP ACPI init
[    0.432984] pnp: PnP ACPI: found 3 devices
[    0.442447] clocksource: acpi_pm: mask: 0xffffff max_cycles: 0xffffff, max_idle_ns: 2085701024 ns
[    0.444251] NET: Registered protocol family 2
[    0.445285] TCP established hash table entries: 8192 (order: 4, 65536 bytes)
[    0.446384] TCP bind hash table entries: 8192 (order: 5, 131072 bytes)
[    0.447393] TCP: Hash tables configured (established 8192 bind 8192)
[    0.448919] UDP hash table entries: 512 (order: 2, 16384 bytes)
[    0.449944] UDP-Lite hash table entries: 512 (order: 2, 16384 bytes)
[    0.450826] NET: Registered protocol family 1
[    0.451506] pci 0000:00:00.0: Limiting direct PCI/PCI transfers
[    0.452213] pci 0000:00:01.0: Activating ISA DMA hang workarounds
[    0.453162] Unpacking initramfs...
[    0.646546] Freeing initrd memory: 15440K
[    0.647345] clocksource: tsc: mask: 0xffffffffffffffff max_cycles: 0x30eac3f3011, max_idle_ns: 440795332092 ns
[    0.648560] platform rtc_cmos: registered platform RTC device (no PNP device found)
[    0.649573] Scanning for low memory corruption every 60 seconds
[    0.650796] audit: initializing netlink subsys (disabled)
[    0.652243] audit: type=2000 audit(1608540258.889:1): initialized
[    0.654461] Initialise system trusted keyring
[    0.656247] HugeTLB registered 2 MB page size, pre-allocated 0 pages
[    0.658680] zbud: loaded
[    0.660262] VFS: Disk quotas dquot_6.6.0
[    0.661789] VFS: Dquot-cache hash table entries: 512 (order 0, 4096 bytes)
[    0.663291] squashfs: version 4.0 (2009/01/31) Phillip Lougher
[    0.664527] fuse init (API version 7.23)
[    0.665584] Key type big_key registered
[    0.666408] Allocating IMA MOK and blacklist keyrings.
[    0.668544] Key type asymmetric registered
[    0.669407] Asymmetric key parser 'x509' registered
[    0.670368] Block layer SCSI generic (bsg) driver version 0.4 loaded (major 249)
[    0.671768] io scheduler noop registered
[    0.672565] io scheduler deadline registered (default)
[    0.673571] io scheduler cfq registered
[    0.674463] pci_hotplug: PCI Hot Plug PCI Core version: 0.5
[    0.675466] pciehp: PCI Express Hot Plug Controller Driver version: 0.4
[    0.676610] ACPI: AC Adapter [AC] (on-line)
[    0.677585] input: Power Button as /devices/LNXSYSTM:00/LNXPWRBN:00/input/input0
[    0.678943] ACPI: Power Button [PWRF]
[    0.679526] input: Sleep Button as /devices/LNXSYSTM:00/LNXSLPBN:00/input/input1
[    0.680482] ACPI: Sleep Button [SLPF]
[    0.681059] GHES: HEST is not enabled!
[    0.681633] Serial: 8250/16550 driver, 32 ports, IRQ sharing enabled
[    0.702607] 00:02: ttyS0 at I/O 0x3f8 (irq = 4, base_baud = 115200) is a 16550A
[    0.705226] Linux agpgart interface v0.103
[    0.707213] loop: module loaded
[    0.708188] scsi host0: ata_piix
[    0.709677] scsi host1: ata_piix
[    0.711008] ata1: PATA max UDMA/33 cmd 0x1f0 ctl 0x3f6 bmdma 0xd000 irq 14
[    0.713099] ata2: PATA max UDMA/33 cmd 0x170 ctl 0x376 bmdma 0xd008 irq 15
[    0.715019] libphy: Fixed MDIO Bus: probed
[    0.715834] tun: Universal TUN/TAP device driver, 1.6
[    0.717269] tun: (C) 1999-2004 Max Krasnyansky <maxk@qualcomm.com>
[    0.718459] PPP generic driver version 2.4.2
[    0.719376] ehci_hcd: USB 2.0 'Enhanced' Host Controller (EHCI) Driver
[    0.720514] ehci-pci: EHCI PCI platform driver
[    0.721366] ehci-platform: EHCI generic platform driver
[    0.722429] ohci_hcd: USB 1.1 'Open' Host Controller (OHCI) Driver
[    0.723357] ohci-pci: OHCI PCI platform driver
[    0.723972] ohci-platform: OHCI generic platform driver
[    0.724636] uhci_hcd: USB Universal Host Controller Interface driver
[    0.725466] i8042: PNP: PS/2 Controller [PNP0303:PS2K,PNP0f03:PS2M] at 0x60,0x64 irq 1,12
[    0.727083] serio: i8042 KBD port at 0x60,0x64 irq 1
[    0.727711] serio: i8042 AUX port at 0x60,0x64 irq 12
[    0.728634] mousedev: PS/2 mouse device common for all mice
[    0.729961] input: AT Translated Set 2 keyboard as /devices/platform/i8042/serio0/input/input2
[    0.731224] rtc_cmos rtc_cmos: rtc core: registered rtc_cmos as rtc0
[    0.732187] rtc_cmos rtc_cmos: alarms up to one day, 114 bytes nvram
[    0.732966] i2c /dev entries driver
[    0.733506] device-mapper: uevent: version 1.0.3
[    0.734131] device-mapper: ioctl: 4.34.0-ioctl (2015-10-28) initialised: dm-devel@redhat.com
[    0.735101] ledtrig-cpu: registered to indicate activity on CPUs
[    0.736484] NET: Registered protocol family 10
[    0.738541] NET: Registered protocol family 17
[    0.740057] Key type dns_resolver registered
[    0.742847] registered taskstats version 1
[    0.743645] Loading compiled-in X.509 certificates
[    0.745166] Loaded X.509 cert 'Build time autogenerated kernel key: 34492021b4051d5295bb5f61ac4b8fe0de34ccb2'
[    0.747033] zswap: loaded using pool lzo/zbud
[    0.751693] Key type trusted registered
[    0.758540] Key type encrypted registered
[    0.760102] AppArmor: AppArmor sha1 policy hashing enabled
[    0.761978] ima: No TPM chip found, activating TPM-bypass!
[    0.763184] ima: Allocated hash algorithm: sha1
[    0.764053] evm: HMAC attrs: 0x1
[    0.764996]   Magic number: 0:148:726
[    0.765715] block loop6: hash matches
[    0.766733] rtc_cmos rtc_cmos: setting system clock to 2020-12-21 08:44:14 UTC (1608540254)
[    0.768381] BIOS EDD facility v0.16 2004-Jun-25, 0 devices found
[    0.769396] EDD information not available.
[    1.617870] Freeing unused kernel memory: 1492K
[    1.619505] Write protecting the kernel read-only data: 14336k
[    1.622304] Freeing unused kernel memory: 1592K
[    1.623239] Freeing unused kernel memory: 64K
Loading, please wait...
starting version 229
[    1.641151] random: systemd-udevd: uninitialized urandom read (16 bytes read, 3 bits of entropy available)
[    1.642669] random: udevadm: uninitialized urandom read (16 bytes read, 3 bits of entropy available)
[    1.642691] random: udevadm: uninitialized urandom read (16 bytes read, 3 bits of entropy available)
[    1.649862] random: systemd-udevd: uninitialized urandom read (16 bytes read, 3 bits of entropy available)
[    1.651374] random: systemd-udevd: uninitialized urandom read (16 bytes read, 3 bits of entropy available)
[    1.652432] random: udevadm: uninitialized urandom read (16 bytes read, 3 bits of entropy available)
[    1.652484] random: udevadm: uninitialized urandom read (16 bytes read, 3 bits of entropy available)
[    1.652637] random: udevadm: uninitialized urandom read (16 bytes read, 3 bits of entropy available)
[    1.652694] random: udevadm: uninitialized urandom read (16 bytes read, 3 bits of entropy available)
[    1.652754] random: udevadm: uninitialized urandom read (16 bytes read, 3 bits of entropy available)
[    1.687710] Fusion MPT base driver 3.04.20
[    1.688530] Copyright (c) 1999-2008 LSI Corporation
[    1.692685] Fusion MPT SPI Host driver 3.04.20
[    1.701025] e1000: Intel(R) PRO/1000 Network Driver - version 7.3.21-k8-NAPI
[    1.701960] e1000: Copyright (c) 1999-2006 Intel Corporation.
[    1.708036] AVX2 version of gcm_enc/dec engaged.
[    1.708782] AES CTR mode by8 optimization enabled
[    1.895002] input: ImExPS/2 Generic Explorer Mouse as /devices/platform/i8042/serio1/input/input4
[    2.023070] e1000 0000:00:03.0 eth0: (PCI:33MHz:32-bit) 02:e9:98:4f:cb:36
[    2.024185] e1000 0000:00:03.0 eth0: Intel(R) PRO/1000 Network Connection
[    2.026227] e1000 0000:00:03.0 enp0s3: renamed from eth0
[    2.026632] mptbase: ioc0: Initiating bringup
[    2.597525] ioc0: LSI53C1030 A0: Capabilities={Initiator}
[    4.654913] scsi host2: ioc0: LSI53C1030 A0, FwRev=00000000h, Ports=1, MaxQ=256, IRQ=20
[    5.729774] scsi 2:0:0:0: Direct-Access     VBOX     HARDDISK         1.0  PQ: 0 ANSI: 5
[    5.743669] scsi target2:0:0: Beginning Domain Validation
[    5.744985] scsi target2:0:0: Domain Validation skipping write tests
[    5.745724] scsi target2:0:0: Ending Domain Validation
[    5.746358] scsi target2:0:0: asynchronous
[    5.747196] scsi 2:0:1:0: Direct-Access     VBOX     HARDDISK         1.0  PQ: 0 ANSI: 5
[    5.748108] scsi target2:0:1: Beginning Domain Validation
[    5.749504] scsi target2:0:1: Domain Validation skipping write tests
[    5.750351] scsi target2:0:1: Ending Domain Validation
[    5.751092] scsi target2:0:1: asynchronous
[    5.756668] sd 2:0:0:0: [sda] 20971520 512-byte logical blocks: (10.7 GB/10.0 GiB)
[    5.758651] sd 2:0:0:0: Attached scsi generic sg0 type 0
[    5.759736] sd 2:0:0:0: [sda] Write Protect is off
[    5.760742] sd 2:0:0:0: [sda] Incomplete mode parameter data
[    5.761752] sd 2:0:0:0: [sda] Assuming drive cache: write through
[    5.762802] sd 2:0:1:0: [sdb] 20480 512-byte logical blocks: (10.5 MB/10.0 MiB)
[    5.764077] sd 2:0:1:0: [sdb] Write Protect is off
[    5.764140] sd 2:0:1:0: Attached scsi generic sg1 type 0
[    5.766120] sd 2:0:1:0: [sdb] Incomplete mode parameter data
[    5.767009] sd 2:0:1:0: [sdb] Assuming drive cache: write through
[    5.779244]  sda: sda1
[    5.780621] sd 2:0:0:0: [sda] Attached SCSI disk
[    5.800574] sd 2:0:1:0: [sdb] Attached SCSI disk
Begin: Loading essential drivers ... [    7.118438] md: linear personality registered for level -1
[    7.121107] md: multipath personality registered for level -4
[    7.123753] md: raid0 personality registered for level 0
[    7.128424] md: raid1 personality registered for level 1
[    7.197286] raid6: sse2x1   gen()  8125 MB/s
[    7.265288] raid6: sse2x1   xor()  7748 MB/s
[    7.333170] raid6: sse2x2   gen() 15708 MB/s
[    7.401279] raid6: sse2x2   xor() 10412 MB/s
[    7.469273] raid6: sse2x4   gen() 16657 MB/s
[    7.537271] raid6: sse2x4   xor()  8531 MB/s
[    7.605227] raid6: avx2x1   gen() 17973 MB/s
[    7.673245] raid6: avx2x2   gen() 20984 MB/s
[    7.741230] raid6: avx2x4   gen() 23003 MB/s
[    7.741925] raid6: using algorithm avx2x4 gen() 23003 MB/s
[    7.742615] raid6: using avx2x2 recovery algorithm
[    7.746140] xor: automatically using best checksumming function:
[    7.785198]    avx       : 11729.000 MB/sec
[    7.787162] async_tx: api initialized (async)
[    7.802148] md: raid6 personality registered for level 6
[    7.803321] md: raid5 personality registered for level 5
[    7.804500] md: raid4 personality registered for level 4
[    7.812031] md: raid10 personality registered for level 10
done.
Begin: Running /scripts/init-premount ... done.
Begin: Mounting root file system ... Begin: Running /scripts/local-top ... done.
Begin: Running /scripts/local-premount ... [    7.844464] Btrfs loaded
Scanning for Btrfs filesystems
done.
Warning: fsck not present, so skipping root file system
[    7.873598] EXT4-fs (sda1): INFO: recovery required on readonly filesystem
[    7.874867] EXT4-fs (sda1): write access will be enabled during recovery
[    7.970780] EXT4-fs (sda1): recovery complete
[    7.971893] EXT4-fs (sda1): mounted filesystem with ordered data mode. Opts: (null)
done.
Begin: Running /scripts/local-bottom ... done.
Begin: Running /scripts/init-bottom ... done.
[    8.589910] systemd[1]: systemd 229 running in system mode. (+PAM +AUDIT +SELINUX +IMA +APPARMOR +SMACK +SYSVINIT +UTMP +LIBCRYPTSETUP +GCRYPT +GNUTLS +ACL +XZ -LZ4 +SECCOMP +BLKID +ELFUTILS +KMOD -IDN)
[    8.592168] systemd[1]: Detected virtualization oracle.
[    8.592800] systemd[1]: Detected architecture x86-64.

Welcome to [1mUbuntu 16.04.7 LTS[0m!

[    8.612630] systemd[1]: Set hostname to <ubuntu-xenial>.
[    8.873329] random: nonblocking pool is initialized
[    9.145923] systemd[1]: Listening on LVM2 metadata daemon socket.
[[0;32m  OK  [0m] Listening on LVM2 metadata daemon socket.
[    9.149311] systemd[1]: Set up automount Arbitrary Executable File Formats File System Automount Point.
[[0;32m  OK  [0m] Set up automount Arbitrary Executab...ats File System Automount Point.
[    9.153474] systemd[1]: Reached target System Time Synchronized.
[[0;32m  OK  [0m] Reached target System Time Synchronized.
[    9.155149] systemd[1]: Listening on Syslog Socket.
[[0;32m  OK  [0m] Listening on Syslog Socket.
[    9.156162] systemd[1]: Created slice User and Session Slice.
[[0;32m  OK  [0m] Created slice User and Session Slice.
[    9.157404] systemd[1]: Created slice System Slice.
[[0;32m  OK  [0m] Created slice System Slice.
[    9.158267] systemd[1]: Listening on /dev/initctl Compatibility Named Pipe.
[[0;32m  OK  [0m] Listening on /dev/initctl Compatibility Named Pipe.
[    9.159351] systemd[1]: Listening on Journal Audit Socket.
[[0;32m  OK  [0m] Listening on Journal Audit Socket.
[    9.160282] systemd[1]: Reached target Encrypted Volumes.
[[0;32m  OK  [0m] Reached target Encrypted Volumes.
[    9.161182] systemd[1]: Listening on Journal Socket.
[[0;32m  OK  [0m] Listening on Journal Socket.
[    9.181426] systemd[1]: Starting Uncomplicated firewall...
         Starting Uncomplicated firewall...
[    9.185355] systemd[1]: Mounting POSIX Message Queue File System...
         Mounting POSIX Message Queue File System...
[    9.190050] systemd[1]: Starting Nameserver information manager...
         Starting Nameserver information manager...
[    9.197691] systemd[1]: Mounting Huge Pages File System...
         Mounting Huge Pages File System...
[    9.200469] systemd[1]: Starting Remount Root and Kernel File Systems...
         Starting Remount Root and Kernel File Systems...
[    9.204195] systemd[1]: Listening on Device-mapper event daemon FIFOs.
[[0;32m  OK  [0m] Listening on Device-mapper event daemon FIFOs.
[    9.210114] systemd[1]: Starting Monitoring of LVM2 mirrors, snapshots etc. using dmeventd or progress polling...
         Starting Monitoring of LVM2 mirrors... dmeventd or progress polling...
[    9.212724] systemd[1]: Starting Create list of required static device nodes for the current kernel...
         Starting Create list of required st... nodes for the current kernel...
[    9.214632] systemd[1]: Listening on udev Kernel Socket.
[[0;32m  OK  [0m] Listening on udev Kernel Socket.
[    9.230526] systemd[1]: Starting Load Kernel Modules...
         Starting Load Kernel Modules...
[    9.238918] systemd[1]: Starting Set console keymap...
         Starting Set console keymap...
[    9.242169] systemd[1]: Started Forward Password Requests to Wall Directory Watch.
[[0;32m  OK  [0m] Started Forward Password Requests to Wall Directory Watch.
[    9.244509] systemd[1]: Reached target Slices.
[[0;32m  OK  [0m] Reached target Slices.
[    9.245814] systemd[1]: Reached target User and Group Name Lookups.
[[0;32m  OK  [0m] Reached target User and Group Name Lookups.
[    9.247367] systemd[1]: Listening on LVM2 poll daemon socket.
[[0;32m  OK  [0m] Listening on LVM2 poll daemon socket.
[    9.249025] systemd[1]: Listening on Journal Socket (/dev/log).
[[0;32m  OK  [0m] Listening on Journal Socket (/dev/log).
[    9.251476] systemd[1]: Mounting Debug File System...
         Mounting Debug File System...
[    9.253234] systemd[1]: Starting Journal Service...
         Starting Journal Service...
[    9.254277] systemd[1]: Listening on udev Control Socket.
[[0;32m  OK  [0m] Listening on udev Control Socket.
[    9.255529] systemd[1]: Started Trigger resolvconf update for networkd DNS.
[[0;32m  OK  [0m] Started Trigger resolvconf update for networkd DNS.
[    9.256942] systemd[1]: Reached target Swap.
[[0;32m  OK  [0m] Reached target Swap.
[    9.258190] systemd[1]: Created slice system-serial\x2dgetty.slice.
[[0;32m  OK  [0m] Created slice system-serial\x2dgetty.slice.
[    9.260686] systemd[1]: Started Uncomplicated firewall.
[[0;32m  OK  [0m] Started Uncomplicated firewall.
[    9.312368] systemd[1]: Started Create list of required static device nodes for the current kernel.
[[0;32m  OK  [0m] Started Create list of required sta...ce nodes for the current kernel.
[    9.329353] systemd[1]: Starting Create Static Device Nodes in /dev...
         Starting Create Static Device Nodes in /dev...
[    9.428252] systemd[1]: Mounted POSIX Message Queue File System.
[    9.429235] EXT4-fs (sda1): re-mounted. Opts: (null)
[[0;32m  OK  [0m] Mounted POSIX Message Queue File System.
[    9.432477] systemd[1]: Mounted Huge Pages File System.
[[0;32m  OK  [0m] Mounted Huge Pages File System.
[    9.434156] systemd[1]: Mounted Debug File System.
[[0;32m  OK  [0m] Mounted Debug File System.
[    9.445936] systemd[1]: Started Remount Root and Kernel File Systems.
[[0;32m  OK  [0m] Started Remount Root and Kernel File Systems.
[    9.454385] systemd[1]: Starting Load/Save Random Seed...
         Starting Load/Save Random Seed...
[    9.480495] Loading iSCSI transport class v2.0-870.
[    9.489396] systemd[1]: Starting udev Coldplug all Devices...
         Starting udev Coldplug all Devices...
[    9.494843] systemd[1]: Started Nameserver information manager.
[[0;32m  OK  [0m] Started Nameserver information manager.
[    9.539471] systemd[1]: Started Journal Service.
[[0;32m  OK  [0m] Started Journal Service.
         Starting Flush Journal to Persistent Storage...
[[0;32m  OK  [0m] Started LVM2 metadata daemon.
[[0;32m  OK  [0m] Started Load/Save Random Seed.
[[0;32m  OK  [0m] Started udev Coldplug all Devices.
[[0;32m  OK  [0m] Started Set console keymap.
[    9.654129] systemd-journald[399]: Received request to flush runtime journal from PID 1
[[0;32m  OK  [0m] Started Flush Journal to Persistent Storage.
[    9.700929] iscsi: registered transport (tcp)
[[0;32m  OK  [0m] Started Create Static Device Nodes in /dev.
         Starting udev Kernel Device Manager...
[[0;32m  OK  [0m] Started Monitoring of LVM2 mirrors,...ng dmeventd or progress polling.
[[0;32m  OK  [0m] Reached target Local File Systems (Pre).
[    9.863701] iscsi: registered transport (iser)
[[0;32m  OK  [0m] Reached target Local File Systems.
         Starting LSB: AppArmor initialization...
         Starting Tell Plymouth To Write Out Runtime Data...
         Starting Create Volatile Files and Directories...
         Starting Initial cloud-init job (pre-networking)...
         Starting Set console font and keymap...
[[0;32m  OK  [0m] Started Load Kernel Modules.
         Starting Apply Kernel Variables...
         Mounting FUSE Control File System...
[[0;32m  OK  [0m] Mounted FUSE Control File System.
[[0;32m  OK  [0m] Started Create Volatile Files and Directories.
         Starting Update UTMP about System Boot/Shutdown...
[[0;32m  OK  [0m] Started Tell Plymouth To Write Out Runtime Data.
[[0;32m  OK  [0m] Started Update UTMP about System Boot/Shutdown.
[[0;32m  OK  [0m] Started Apply Kernel Variables.
[[0;32m  OK  [0m] Started udev Kernel Device Manager.
[[0;32m  OK  [0m] Started Dispatch Password Requests to Console Directory Watch.
[[0;32m  OK  [0m] Found device /dev/ttyS0.
[[0;32m  OK  [0m] Listening on Load/Save RF Kill Switch Status /dev/rfkill Watch.
[[0;32m  OK  [0m] Started Set console font and keymap.
[[0;32m  OK  [0m] Created slice system-getty.slice.
[[0;32m  OK  [0m] Found device 82540EM Gigabit Ethern...r (PRO/1000 MT Desktop Adapter).
[[0;32m  OK  [0m] Started LSB: AppArmor initialization.
         Starting Load AppArmor profiles managed internally by snapd...
[[0;32m  OK  [0m] Started Load AppArmor profiles managed internally by snapd.
[   13.220402] cloud-init[475]: Cloud-init v. 20.3-2-g371b392c-0ubuntu1~16.04.1 running 'init-local' at Mon, 21 Dec 2020 08:44:26 +0000. Up 12.70 seconds.
[[0;32m  OK  [0m] Started Initial cloud-init job (pre-networking).
[[0;32m  OK  [0m] Reached target Network (Pre).
         Starting Raise network interfaces...
[[0;32m  OK  [0m] Started ifup for enp0s3.
[[0;32m  OK  [0m] Started Raise network interfaces.
[[0;32m  OK  [0m] Reached target Network.
         Starting Initial cloud-init job (metadata service crawler)...
[   14.225132] cloud-init[978]: Cloud-init v. 20.3-2-g371b392c-0ubuntu1~16.04.1 running 'init' at Mon, 21 Dec 2020 08:44:27 +0000. Up 13.77 seconds.
[   14.227847] cloud-init[978]: ci-info: ++++++++++++++++++++++++++++++++++++++Net device info++++++++++++++++++++++++++++++++++++++
[   14.230356] cloud-init[978]: ci-info: +--------+------+----------------------------+---------------+--------+-------------------+
[   14.232631] cloud-init[978]: ci-info: | Device |  Up  |          Address           |      Mask     | Scope  |     Hw-Address    |
[   14.234022] cloud-init[978]: ci-info: +--------+------+----------------------------+---------------+--------+-------------------+
[   14.235017] cloud-init[978]: ci-info: | enp0s3 | True |         10.0.2.15          | 255.255.255.0 | global | 02:e9:98:4f:cb:36 |
[   14.236078] cloud-init[978]: ci-info: | enp0s3 | True | fe80::e9:98ff:fe4f:cb36/64 |       .       |  link  | 02:e9:98:4f:cb:36 |
[   14.244439] cloud-init[978]: ci-info: |   lo   | True |         127.0.0.1          |   255.0.0.0   |  host  |         .         |
[   14.245669] cloud-init[978]: ci-info: |   lo   | True |          ::1/128           |       .       |  host  |         .         |
[   14.246939] cloud-init[978]: ci-info: +--------+------+----------------------------+---------------+--------+-------------------+
[   14.248141] cloud-init[978]: ci-info: +++++++++++++++++++++++++++Route IPv4 info++++++++++++++++++++++++++++
[   14.249251] cloud-init[978]: ci-info: +-------+-------------+----------+---------------+-----------+-------+
[   14.250125] cloud-init[978]: ci-info: | Route | Destination | Gateway  |    Genmask    | Interface | Flags |
[   14.250989] cloud-init[978]: ci-info: +-------+-------------+----------+---------------+-----------+-------+
[   14.251874] cloud-init[978]: ci-info: |   0   |   0.0.0.0   | 10.0.2.2 |    0.0.0.0    |   enp0s3  |   UG  |
[   14.252822] cloud-init[978]: ci-info: |   1   |   10.0.2.0  | 0.0.0.0  | 255.255.255.0 |   enp0s3  |   U   |
[   14.253468] cloud-init[978]: ci-info: +-------+-------------+----------+---------------+-----------+-------+
[   14.260362] cloud-init[978]: ci-info: +++++++++++++++++++Route IPv6 info+++++++++++++++++++
[   14.260928] cloud-init[978]: ci-info: +-------+-------------+---------+-----------+-------+
[   14.268602] cloud-init[978]: ci-info: | Route | Destination | Gateway | Interface | Flags |
[   14.276596] cloud-init[978]: ci-info: +-------+-------------+---------+-----------+-------+
[   14.277518] cloud-init[978]: ci-info: |   0   |  fe80::/64  |    ::   |   enp0s3  |   U   |
[   14.284223] [cloud-init[0;32m  OK  [0m[978]: ] ci-info: |   3   |   ff00::/8  |    ::   |   enp0s3  |   U   |Started Initial cloud-init job (metadata service crawler).

[   14.284933] [[0;32m  OK  [0m] Reached target System Initialization.
[[0;32m  OK  [0m] Started Daily Cleanup of Temporary Directories.
cloud-init[978]: ci-info: +-------+-------------+---------+-----------+-------+
[[0;32m  OK  [0m] Listening on D-Bus System Message Bus Socket.
[[0;32m  OK  [0m] Started Daily apt download activities.
[[0;32m  OK  [0m] Started ACPI Events Check.
[[0;32m  OK  [0m] Reached target Paths.
[[0;32m  OK  [0m] Listening on ACPID Listen Socket.
         Starting Socket activation for snappy daemon.
[[0;32m  OK  [0m] Started Daily apt upgrade and clean activities.
[[0;32m  OK  [0m] Listening on UUID daemon activation socket.
         Starting LXD - unix socket.
[[0;32m  OK  [0m] Started Message of the Day.
[[0;32m  OK  [0m] Reached target Timers.
[[0;32m  OK  [0m] Reached target Cloud-config availability.
[[0;32m  OK  [0m] Reached target Network is Online.
         Starting iSCSI initiator daemon (iscsid)...
[[0;32m  OK  [0m] Listening on Socket activation for snappy daemon.
[[0;32m  OK  [0m] Listening on LXD - unix socket.
[[0;32m  OK  [0m] Reached target Sockets.
[[0;32m  OK  [0m] Reached target Basic System.
         Starting System Logging Service...
         Starting /etc/rc.local Compatibility...
[[0;32m  OK  [0m] Started FUSE filesystem for LXC.
         Starting Message of the Day...
         Starting Login Service...
         Starting Accounts Service...
         Starting LXD - container startup/shutdown...
         Starting OpenBSD Secure Shell server...
         Starting Virtualbox guest utils...
         Starting LSB: Record successful boot for GRUB...
[[0;32m  OK  [0m] Started ACPI event daemon.
         Starting LSB: MD monitoring daemon...
[[0;32m  OK  [0m] Started Deferred execution scheduler.
[[0;32m  OK  [0m] Started D-Bus System Message Bus.
[[0;32m  OK  [0m] Started Regular background program processing daemon.
         Starting Snap Daemon...
[[0;32m  OK  [0m] Started System Logging Service.
[[0;32m  OK  [0m] Started /etc/rc.local Compatibility.
[[0;32m  OK  [0m] Started Message of the Day.
[[0;32m  OK  [0m] Started Login Service.
[[0;32m  OK  [0m] Started Unattended Upgrades Shutdown.
[[0;32m  OK  [0m] Started iSCSI initiator daemon (iscsid).
         Starting Login to default iSCSI targets...
[[0;32m  OK  [0m] Started LSB: Record successful boot for GRUB.
[[0;32m  OK  [0m] Started LSB: MD monitoring daemon.
         Starting Authenticate and Authorize Users to Run Privileged Tasks...
[[0;32m  OK  [0m] Started Login to default iSCSI targets.
[[0;32m  OK  [0m] Reached target Remote File Systems (Pre).
[[0;32m  OK  [0m] Reached target Remote File Systems.
         Starting LSB: Set the CPU Frequency Scaling governor to "ondemand"...
         Starting LSB: automatic crash report generation...
         Starting Permit User Sessions...
         Starting LSB: daemon to balance interrupts for SMP systems...
[[0;32m  OK  [0m] Started OpenBSD Secure Shell server.
[[0;32m  OK  [0m] Started LSB: Set the CPU Frequency Scaling governor to "ondemand".
[[0;32m  OK  [0m] Started Permit User Sessions.
         Starting Terminate Plymouth Boot Screen...
         Starting Hold until boot process finishes up...
[[0;32m  OK  [0m] Started Hold until boot process finishes up.
[[0;32m  OK  [0m] Started Serial Getty on ttyS0.
         Starting Set console scheme...
[[0;32m  OK  [0m] Started Getty on tty1.
[[0;32m  OK  [0m] Reached target Login Prompts.
[[0;32m  OK  [0m] Started Terminate Plymouth Boot Screen.
[[0;32m  OK  [0m] Started LSB: daemon to balance interrupts for SMP systems.
[[0;32m  OK  [0m] Started Authenticate and Authorize Users to Run Privileged Tasks.
[[0;32m  OK  [0m] Started Accounts Service.
[[0;32m  OK  [0m] Started LSB: automatic crash report generation.
[[0;32m  OK  [0m] Started Set console scheme.
[[0;32m  OK  [0m] Started Virtualbox guest utils.
[[0;32m  OK  [0m] Started LXD - container startup/shutdown.
[[0;32m  OK  [0m] Started Snap Daemon.
         Starting Wait until snapd is fully seeded...
[[0;32m  OK  [0m] Started Wait until snapd is fully seeded.
[[0;32m  OK  [0m] Reached target Multi-User System.
[[0;32m  OK  [0m] Reached target Graphical Interface.
         Starting Update UTMP about System Runlevel Changes...
         Starting Apply the settings specified in cloud-config...
[[0;32m  OK  [0m] Started Update UTMP about System Runlevel Changes.
[   17.084722] cloud-init[1246]: Cloud-init v. 20.3-2-g371b392c-0ubuntu1~16.04.1 running 'modules:config' at Mon, 21 Dec 2020 08:44:30 +0000. Up 16.99 seconds.
[[0;32m  OK  [0m] Started Apply the settings specified in cloud-config.
         Starting Execute cloud user/final scripts...
[   17.488355] cloud-init[1258]: Cloud-init v. 20.3-2-g371b392c-0ubuntu1~16.04.1 running 'modules:final' at Mon, 21 Dec 2020 08:44:31 +0000. Up 17.36 seconds.
[   17.496670] cloud-init[1258]: Cloud-init v. 20.3-2-g371b392c-0ubuntu1~16.04.1 finished at Mon, 21 Dec 2020 08:44:31 +0000. Datasource DataSourceNoCloud [seed=/dev/sdb][dsmode=net].  Up 17.47 seconds
[[0;32m  OK  [0m] Started Execute cloud user/final scripts.
         Starting Daily apt download activities...
[[0;32m  OK  [0m] Reached target Cloud-init target.
[[0;32m  OK  [0m] Created slice User Slice of vagrant.
         Starting User Manager for UID 1000...
[[0;32m  OK  [0m] Started Session 1 of user vagrant.
[[0;32m  OK  [0m] Started User Manager for UID 1000.

Ubuntu 16.04.7 LTS ubuntu-xenial ttyS0

ubuntu-xenial login: [  870.608503] e1000 0000:00:03.0 enp0s3: Reset adapter
